nohup: ignoring input
2022-07-29 23:34:56.030299: I tensorflow/core/platform/cpu_feature_guard.cc:141] Your CPU supports instructions that this TensorFlow binary was not compiled to use: SSE4.1 SSE4.2 AVX AVX2 FMA
2022-07-29 23:34:56.559219: I tensorflow/core/common_runtime/gpu/gpu_device.cc:1405] Found device 0 with properties: 
name: Quadro RTX 6000 major: 7 minor: 5 memoryClockRate(GHz): 1.77
pciBusID: 0000:01:00.0
totalMemory: 23.65GiB freeMemory: 23.47GiB
2022-07-29 23:34:56.816991: I tensorflow/stream_executor/cuda/cuda_gpu_executor.cc:897] successful NUMA node read from SysFS had negative value (-1), but there must be at least one NUMA node, so returning NUMA node zero
2022-07-29 23:34:56.818029: I tensorflow/core/common_runtime/gpu/gpu_device.cc:1405] Found device 1 with properties: 
name: Quadro RTX 6000 major: 7 minor: 5 memoryClockRate(GHz): 1.77
pciBusID: 0000:21:00.0
totalMemory: 23.65GiB freeMemory: 23.49GiB
2022-07-29 23:34:56.930483: I tensorflow/stream_executor/cuda/cuda_gpu_executor.cc:897] successful NUMA node read from SysFS had negative value (-1), but there must be at least one NUMA node, so returning NUMA node zero
2022-07-29 23:34:56.931486: I tensorflow/core/common_runtime/gpu/gpu_device.cc:1405] Found device 2 with properties: 
name: Quadro RTX 6000 major: 7 minor: 5 memoryClockRate(GHz): 1.77
pciBusID: 0000:4b:00.0
totalMemory: 23.65GiB freeMemory: 23.49GiB
2022-07-29 23:34:57.171576: I tensorflow/stream_executor/cuda/cuda_gpu_executor.cc:897] successful NUMA node read from SysFS had negative value (-1), but there must be at least one NUMA node, so returning NUMA node zero
2022-07-29 23:34:57.172563: I tensorflow/core/common_runtime/gpu/gpu_device.cc:1405] Found device 3 with properties: 
name: Quadro RTX 6000 major: 7 minor: 5 memoryClockRate(GHz): 1.77
pciBusID: 0000:4c:00.0
totalMemory: 23.65GiB freeMemory: 23.49GiB
2022-07-29 23:34:57.182971: I tensorflow/core/common_runtime/gpu/gpu_device.cc:1484] Adding visible gpu devices: 0, 1, 2, 3
2022-07-29 23:34:58.144968: I tensorflow/core/common_runtime/gpu/gpu_device.cc:965] Device interconnect StreamExecutor with strength 1 edge matrix:
2022-07-29 23:34:58.145017: I tensorflow/core/common_runtime/gpu/gpu_device.cc:971]      0 1 2 3 
2022-07-29 23:34:58.145022: I tensorflow/core/common_runtime/gpu/gpu_device.cc:984] 0:   N Y Y Y 
2022-07-29 23:34:58.145025: I tensorflow/core/common_runtime/gpu/gpu_device.cc:984] 1:   Y N Y Y 
2022-07-29 23:34:58.145028: I tensorflow/core/common_runtime/gpu/gpu_device.cc:984] 2:   Y Y N Y 
2022-07-29 23:34:58.145031: I tensorflow/core/common_runtime/gpu/gpu_device.cc:984] 3:   Y Y Y N 
2022-07-29 23:34:58.145185: I tensorflow/core/common_runtime/gpu/gpu_device.cc:1097] Created TensorFlow device (/job:localhost/replica:0/task:0/device:GPU:0 with 22757 MB memory) -> physical GPU (device: 0, name: Quadro RTX 6000, pci bus id: 0000:01:00.0, compute capability: 7.5)
2022-07-29 23:34:58.322507: I tensorflow/core/common_runtime/gpu/gpu_device.cc:1097] Created TensorFlow device (/job:localhost/replica:0/task:0/device:GPU:1 with 22776 MB memory) -> physical GPU (device: 1, name: Quadro RTX 6000, pci bus id: 0000:21:00.0, compute capability: 7.5)
2022-07-29 23:34:58.520654: I tensorflow/core/common_runtime/gpu/gpu_device.cc:1097] Created TensorFlow device (/job:localhost/replica:0/task:0/device:GPU:2 with 22776 MB memory) -> physical GPU (device: 2, name: Quadro RTX 6000, pci bus id: 0000:4b:00.0, compute capability: 7.5)
2022-07-29 23:34:58.693493: I tensorflow/core/common_runtime/gpu/gpu_device.cc:1097] Created TensorFlow device (/job:localhost/replica:0/task:0/device:GPU:3 with 22776 MB memory) -> physical GPU (device: 3, name: Quadro RTX 6000, pci bus id: 0000:4c:00.0, compute capability: 7.5)
